/*C3*/SET SCHEMA PUBLIC
CREATE table if not exists tournois(\u000d\u000a  id_tournoi int GENERATED BY DEFAULT AS IDENTITY (START WITH 1, INCREMENT BY 1) primary key,\u000d\u000a  nb_matchs INT,\u000d\u000a  nom_tournoi varchar(30),\u000d\u000a  statut INTEGER\u000d\u000a)
\u000d\u000aCREATE table if not exists equipes(\u000d\u000a  id_equipe int GENERATED BY DEFAULT AS IDENTITY (START WITH 1, INCREMENT BY 1) primary key,\u000d\u000a  num_equipe INT,\u000d\u000a  id_tournoi INT,\u000d\u000a  nom_j1 varchar(30),\u000d\u000a  nom_j2 varchar(30),\u000d\u000a  FOREIGN KEY(id_tournoi) REFERENCES tournois (id_tournoi)\u000d\u000a)
CREATE table if not exists matchs(\u000d\u000a  id_match int GENERATED BY DEFAULT AS IDENTITY (START WITH 1, INCREMENT BY 1) primary key,\u000d\u000a  id_tournoi INT,\u000d\u000a  num_tour INT,\u000d\u000a  equipe1 INT,\u000d\u000a  equipe2 INT,\u000d\u000a  score1  INT,\u000d\u000a  score2  INT,\u000d\u000a  termine varchar(3)\u000d\u000a)
INSERT INTO EQUIPES VALUES(0,0,0,'"Joueur 1"','"Joueur 2"')
COMMIT
INSERT INTO EQUIPES VALUES(1,1,0,'"Joueur 1"','"Joueur 2"')
COMMIT
INSERT INTO EQUIPES VALUES(5,5,0,'"Joueur 1"','"Joueur 2"')
COMMIT
INSERT INTO EQUIPES VALUES(6,6,0,'"Joueur 1"','"Joueur 2"')
COMMIT
INSERT INTO EQUIPES VALUES(7,7,0,'"Joueur 1"','"Joueur 2"')
COMMIT
INSERT INTO EQUIPES VALUES(8,8,0,'"Joueur 1"','"Joueur 2"')
COMMIT
INSERT INTO EQUIPES VALUES(9,9,1,'"Joueur 1"','"Joueur 2"')
COMMIT
INSERT INTO EQUIPES VALUES(10,10,1,'"Joueur 1"','"Joueur 2"')
COMMIT
INSERT INTO EQUIPES VALUES(11,11,1,'"Joueur 1"','"Joueur 2"')
COMMIT
INSERT INTO EQUIPES VALUES(12,12,1,'"Joueur 1"','"Joueur 2"')
COMMIT
DELETE FROM EQUIPES WHERE ID_EQUIPE=2
COMMIT
DELETE FROM EQUIPES WHERE ID_EQUIPE=3
COMMIT
DELETE FROM EQUIPES WHERE ID_EQUIPE=4
COMMIT
DELETE FROM EQUIPES WHERE ID_EQUIPE=9
COMMIT
DELETE FROM EQUIPES WHERE ID_EQUIPE=10
COMMIT
DELETE FROM EQUIPES WHERE ID_EQUIPE=11
COMMIT
DELETE FROM EQUIPES WHERE ID_EQUIPE=12
COMMIT
DELETE FROM EQUIPES WHERE ID_EQUIPE=0
COMMIT
DELETE FROM EQUIPES WHERE ID_EQUIPE=1
COMMIT
DELETE FROM EQUIPES WHERE ID_EQUIPE=5
COMMIT
DELETE FROM EQUIPES WHERE ID_EQUIPE=6
COMMIT
DELETE FROM EQUIPES WHERE ID_EQUIPE=7
COMMIT
DELETE FROM EQUIPES WHERE ID_EQUIPE=8
COMMIT
INSERT INTO EQUIPES VALUES(0,0,0,'"Joueur 1"','"Joueur 2"')
COMMIT
INSERT INTO EQUIPES VALUES(1,1,0,'"Joueur 1"','"Joueur 2"')
COMMIT
INSERT INTO EQUIPES VALUES(2,2,0,'"Joueur 1"','"Joueur 2"')
COMMIT
INSERT INTO EQUIPES VALUES(3,3,1,'"Joueur 1"','"Joueur 2"')
COMMIT
INSERT INTO EQUIPES VALUES(4,4,1,'"Joueur 1"','"Joueur 2"')
COMMIT
INSERT INTO EQUIPES VALUES(5,5,0,'"Joueur 1"','"Joueur 2"')
COMMIT
INSERT INTO EQUIPES VALUES(6,6,0,'"Joueur 1"','"Joueur 2"')
COMMIT
INSERT INTO EQUIPES VALUES(7,7,0,'"Joueur 1"','"Joueur 2"')
COMMIT
INSERT INTO MATCHS VALUES(14,0,1,3,4,NULL,NULL,'non')
COMMIT
DELETE FROM TOURNOIS WHERE ID_TOURNOI=0
INSERT INTO TOURNOIS VALUES(0,0,'adadad',2)
COMMIT
